<?xml version="1.0" encoding="UTF-8"?>
<!-- Generated by org.testng.reporters.JUnitReportReporter -->
<testsuite hostname="DESKTOP-SVJ45QV" failures="0" tests="3" name="com.learning.DependsFeature" time="0.011" errors="0" timestamp="2021-07-11T00:54:49 PDT" skipped="0">
  <testcase classname="com.learning.DependsFeature" name="Login" time="0.005"/>
  <system-out/>
  <testcase classname="com.learning.DependsFeature" name="homepage" time="0.005"/>
  <system-out/>
  <testcase classname="com.learning.DependsFeature" name="logout" time="0.001"/>
  <system-out/>
</testsuite> <!-- com.learning.DependsFeature -->
