<?xml version="1.0" encoding="UTF-8"?>
<!-- Generated by org.testng.reporters.JUnitReportReporter -->
<testsuite hostname="DESKTOP-SVJ45QV" failures="0" tests="10" name="com.learning.INvocationcount" time="0.035" errors="0" timestamp="2021-07-11T00:54:49 PDT" skipped="0">
  <testcase classname="com.learning.INvocationcount" name="Test1" time="0.003"/>
  <system-out/>
  <testcase classname="com.learning.INvocationcount" name="Test1" time="0.003"/>
  <system-out/>
  <testcase classname="com.learning.INvocationcount" name="Test1" time="0.003"/>
  <system-out/>
  <testcase classname="com.learning.INvocationcount" name="Test1" time="0.004"/>
  <system-out/>
  <testcase classname="com.learning.INvocationcount" name="Test1" time="0.003"/>
  <system-out/>
  <testcase classname="com.learning.INvocationcount" name="Test1" time="0.004"/>
  <system-out/>
  <testcase classname="com.learning.INvocationcount" name="Test1" time="0.006"/>
  <system-out/>
  <testcase classname="com.learning.INvocationcount" name="Test1" time="0.003"/>
  <system-out/>
  <testcase classname="com.learning.INvocationcount" name="Test1" time="0.003"/>
  <system-out/>
  <testcase classname="com.learning.INvocationcount" name="Test1" time="0.003"/>
  <system-out/>
</testsuite> <!-- com.learning.INvocationcount -->
